<?xml version="1.0" encoding="UTF-8"?>
<testng-results skipped="0" failed="0" ignored="0" total="1" passed="1">
  <reporter-output>
  </reporter-output>
  <suite name="Default suite" duration-ms="41418" started-at="2020-05-23T19:18:28Z" finished-at="2020-05-23T19:19:09Z">
    <groups>
    </groups>
    <test name="Default test" duration-ms="41418" started-at="2020-05-23T19:18:28Z" finished-at="2020-05-23T19:19:09Z">
      <class name="Testing.extentReports.reports">
        <test-method status="PASS" signature="extentReports()[pri:0, instance:Testing.extentReports.reports@6f7fd0e6]" name="extentReports" is-config="true" duration-ms="855" started-at="2020-05-23T19:18:28Z" finished-at="2020-05-23T19:18:29Z">
          <reporter-output>
          </reporter-output>
        </test-method> <!-- extentReports -->
        <test-method status="PASS" signature="urlOpen()[pri:0, instance:Testing.extentReports.reports@6f7fd0e6]" name="urlOpen" duration-ms="40494" started-at="2020-05-23T19:18:29Z" finished-at="2020-05-23T19:19:09Z">
          <reporter-output>
          </reporter-output>
        </test-method> <!-- urlOpen -->
      </class> <!-- Testing.extentReports.reports -->
    </test> <!-- Default test -->
  </suite> <!-- Default suite -->
</testng-results>
