<?xml version="1.0" encoding="UTF-8"?>
<!-- Generated by org.testng.reporters.JUnitXMLReporter -->
<testsuite hostname="DESKTOP-GHB7O0N" ignored="0" name="Test" tests="6" failures="0" timestamp="23 May 2020 18:09:02 GMT" time="0.114" errors="0">
  <testcase name="height" time="0.033" classname="Testing.Myself.square"/>
  <testcase name="name" time="0.004" classname="Testing.Myself.square"/>
  <testcase name="square" time="0.003" classname="Testing.Myself.prism"/>
  <testcase name="squarePrism" time="0.006" classname="Testing.Myself.prism"/>
  <testcase name="squareofCube" time="0.003" classname="Testing.Myself.cube"/>
  <testcase name="date" time="0.001" classname="Testing.Myself.Triangle"/>
</testsuite> <!-- Test -->
